# JRE version: OpenJDK Runtime Environment (8.0_212-b04) (build 1.8.0_212-release-1586-b04)
# Java VM: OpenJDK 64-Bit Server VM (25.212-b04 mixed mode windows-amd64 compressed oops)
Heap:
 PSYoungGen      total 433664K, used 56803K [0x00000000e0000000, 0x0000000100000000, 0x0000000100000000)
  eden space 343040K, 1% used [0x00000000e0000000,0x00000000e05d1988,0x00000000f4f00000)
  from space 90624K, 56% used [0x00000000f4f00000,0x00000000f80a7368,0x00000000fa780000)
  to   space 89088K, 0% used [0x00000000fa900000,0x00000000fa900000,0x0000000100000000)
 ParOldGen       total 269312K, used 193636K [0x00000000a0000000, 0x00000000b0700000, 0x00000000e0000000)
  object space 269312K, 71% used [0x00000000a0000000,0x00000000abd19230,0x00000000b0700000)
 Metaspace       used 146627K, capacity 157968K, committed 158208K, reserved 1187840K
  class space    used 18635K, capacity 20623K, committed 20736K, reserved 1048576K
GC Heap History (10 events):
Event: 15337.193 GC heap before
{Heap before GC invocations=33 (full 4):
 PSYoungGen      total 392704K, used 372658K [0x00000000e0000000, 0x00000000fd880000, 0x0000000100000000)
  eden space 334336K, 100% used [0x00000000e0000000,0x00000000f4680000,0x00000000f4680000)
  from space 58368K, 65% used [0x00000000f9f80000,0x00000000fc4ec9f8,0x00000000fd880000)
  to   space 74752K, 0% used [0x00000000f4680000,0x00000000f4680000,0x00000000f8f80000)
 ParOldGen       total 269312K, used 188413K [0x00000000a0000000, 0x00000000b0700000, 0x00000000e0000000)
  object space 269312K, 69% used [0x00000000a0000000,0x00000000ab7ff428,0x00000000b0700000)
 Metaspace       used 141755K, capacity 152574K, committed 152704K, reserved 1181696K
  class space    used 18199K, capacity 20076K, committed 20096K, reserved 1048576K
Event: 15343.308 GC heap after
Heap after GC invocations=33 (full 4):
 PSYoungGen      total 360960K, used 39372K [0x00000000e0000000, 0x00000000fc800000, 0x0000000100000000)
  eden space 321536K, 0% used [0x00000000e0000000,0x00000000e0000000,0x00000000f3a00000)
  from space 39424K, 99% used [0x00000000f4680000,0x00000000f6cf3240,0x00000000f6d00000)
  to   space 72704K, 0% used [0x00000000f8100000,0x00000000f8100000,0x00000000fc800000)
 ParOldGen       total 269312K, used 188421K [0x00000000a0000000, 0x00000000b0700000, 0x00000000e0000000)
  object space 269312K, 69% used [0x00000000a0000000,0x00000000ab801428,0x00000000b0700000)
 Metaspace       used 141755K, capacity 152574K, committed 152704K, reserved 1181696K
  class space    used 18199K, capacity 20076K, committed 20096K, reserved 1048576K
}
Event: 15378.449 GC heap before
{Heap before GC invocations=34 (full 4):
 PSYoungGen      total 360960K, used 360778K [0x00000000e0000000, 0x00000000fc800000, 0x0000000100000000)
  eden space 321536K, 99% used [0x00000000e0000000,0x00000000f39df878,0x00000000f3a00000)
  from space 39424K, 99% used [0x00000000f4680000,0x00000000f6cf3240,0x00000000f6d00000)
  to   space 72704K, 0% used [0x00000000f8100000,0x00000000f8100000,0x00000000fc800000)
 ParOldGen       total 269312K, used 188421K [0x00000000a0000000, 0x00000000b0700000, 0x00000000e0000000)
  object space 269312K, 69% used [0x00000000a0000000,0x00000000ab801428,0x00000000b0700000)
 Metaspace       used 143229K, capacity 154184K, committed 154496K, reserved 1183744K
  class space    used 18354K, capacity 20267K, committed 20352K, reserved 1048576K
Event: 15379.791 GC heap after
Heap after GC invocations=34 (full 4):
 PSYoungGen      total 384000K, used 71527K [0x00000000e0000000, 0x00000000fff00000, 0x0000000100000000)
  eden space 311296K, 0% used [0x00000000e0000000,0x00000000e0000000,0x00000000f3000000)
  from space 72704K, 98% used [0x00000000f8100000,0x00000000fc6d9f40,0x00000000fc800000)
  to   space 82944K, 0% used [0x00000000f3000000,0x00000000f3000000,0x00000000f8100000)
 ParOldGen       total 269312K, used 188437K [0x00000000a0000000, 0x00000000b0700000, 0x00000000e0000000)
  object space 269312K, 69% used [0x00000000a0000000,0x00000000ab805428,0x00000000b0700000)
 Metaspace       used 143229K, capacity 154184K, committed 154496K, reserved 1183744K
  class space    used 18354K, capacity 20267K, committed 20352K, reserved 1048576K
}
Event: 15525.341 GC heap before
{Heap before GC invocations=35 (full 4):
 PSYoungGen      total 384000K, used 382823K [0x00000000e0000000, 0x00000000fff00000, 0x0000000100000000)
  eden space 311296K, 100% used [0x00000000e0000000,0x00000000f3000000,0x00000000f3000000)
  from space 72704K, 98% used [0x00000000f8100000,0x00000000fc6d9f40,0x00000000fc800000)
  to   space 82944K, 0% used [0x00000000f3000000,0x00000000f3000000,0x00000000f8100000)
 ParOldGen       total 269312K, used 188437K [0x00000000a0000000, 0x00000000b0700000, 0x00000000e0000000)
  object space 269312K, 69% used [0x00000000a0000000,0x00000000ab805428,0x00000000b0700000)
 Metaspace       used 144368K, capacity 155460K, committed 155648K, reserved 1183744K
  class space    used 18471K, capacity 20401K, committed 20480K, reserved 1048576K
Event: 15533.525 GC heap after
Heap after GC invocations=35 (full 4):
 PSYoungGen      total 394240K, used 55042K [0x00000000e0000000, 0x0000000100000000, 0x0000000100000000)
  eden space 311296K, 0% used [0x00000000e0000000,0x00000000e0000000,0x00000000f3000000)
  from space 82944K, 66% used [0x00000000f3000000,0x00000000f65c0aa0,0x00000000f8100000)
  to   space 84480K, 0% used [0x00000000fad80000,0x00000000fad80000,0x0000000100000000)
 ParOldGen       total 269312K, used 188445K [0x00000000a0000000, 0x00000000b0700000, 0x00000000e0000000)
  object space 269312K, 69% used [0x00000000a0000000,0x00000000ab807428,0x00000000b0700000)
 Metaspace       used 144368K, capacity 155460K, committed 155648K, reserved 1183744K
  class space    used 18471K, capacity 20401K, committed 20480K, reserved 1048576K
}
Event: 15587.932 GC heap before
{Heap before GC invocations=36 (full 4):
 PSYoungGen      total 394240K, used 366338K [0x00000000e0000000, 0x0000000100000000, 0x0000000100000000)
  eden space 311296K, 100% used [0x00000000e0000000,0x00000000f3000000,0x00000000f3000000)
  from space 82944K, 66% used [0x00000000f3000000,0x00000000f65c0aa0,0x00000000f8100000)
  to   space 84480K, 0% used [0x00000000fad80000,0x00000000fad80000,0x0000000100000000)
 ParOldGen       total 269312K, used 188445K [0x00000000a0000000, 0x00000000b0700000, 0x00000000e0000000)
  object space 269312K, 69% used [0x00000000a0000000,0x00000000ab807428,0x00000000b0700000)
 Metaspace       used 144513K, capacity 155690K, committed 155904K, reserved 1185792K
  class space    used 18476K, capacity 20434K, committed 20480K, reserved 1048576K
Event: 15589.077 GC heap after
Heap after GC invocations=36 (full 4):
 PSYoungGen      total 427520K, used 68453K [0x00000000e0000000, 0x0000000100000000, 0x0000000100000000)
  eden space 343040K, 0% used [0x00000000e0000000,0x00000000e0000000,0x00000000f4f00000)
  from space 84480K, 81% used [0x00000000fad80000,0x00000000ff0594b8,0x0000000100000000)
  to   space 90624K, 0% used [0x00000000f4f00000,0x00000000f4f00000,0x00000000fa780000)
 ParOldGen       total 269312K, used 189079K [0x00000000a0000000, 0x00000000b0700000, 0x00000000e0000000)
  object space 269312K, 70% used [0x00000000a0000000,0x00000000ab8a5fa0,0x00000000b0700000)
 Metaspace       used 144513K, capacity 155690K, committed 155904K, reserved 1185792K
  class space    used 18476K, capacity 20434K, committed 20480K, reserved 1048576K
}
Event: 15620.338 GC heap before
{Heap before GC invocations=37 (full 4):
 PSYoungGen      total 427520K, used 411493K [0x00000000e0000000, 0x0000000100000000, 0x0000000100000000)
  eden space 343040K, 100% used [0x00000000e0000000,0x00000000f4f00000,0x00000000f4f00000)
  from space 84480K, 81% used [0x00000000fad80000,0x00000000ff0594b8,0x0000000100000000)
  to   space 90624K, 0% used [0x00000000f4f00000,0x00000000f4f00000,0x00000000fa780000)
 ParOldGen       total 269312K, used 189079K [0x00000000a0000000, 0x00000000b0700000, 0x00000000e0000000)
  object space 269312K, 70% used [0x00000000a0000000,0x00000000ab8a5fa0,0x00000000b0700000)
 Metaspace       used 146625K, capacity 157968K, committed 158208K, reserved 1187840K
  class space    used 18635K, capacity 20623K, committed 20736K, reserved 1048576K
Event: 15622.947 GC heap after
Heap after GC invocations=37 (full 4):
 PSYoungGen      total 433664K, used 50844K [0x00000000e0000000, 0x0000000100000000, 0x0000000100000000)
  eden space 343040K, 0% used [0x00000000e0000000,0x00000000e0000000,0x00000000f4f00000)
  from space 90624K, 56% used [0x00000000f4f00000,0x00000000f80a7368,0x00000000fa780000)
  to   space 89088K, 0% used [0x00000000fa900000,0x00000000fa900000,0x0000000100000000)
 ParOldGen       total 269312K, used 193636K [0x00000000a0000000, 0x00000000b0700000, 0x00000000e0000000)
  object space 269312K, 71% used [0x00000000a0000000,0x00000000abd19230,0x00000000b0700000)
 Metaspace       used 146625K, capacity 157968K, committed 158208K, reserved 1187840K
  class space    used 18635K, capacity 20623K, committed 20736K, reserved 1048576K
}

